---------------------------------------------------------------
[ 2020-02-27T21:48:18+08:00 ] ::1 GET localhost/tp5.1/public/index.php
[运行时间：0.166444s] [吞吐率：6.01req/s] [内存消耗：2,945.75kb] [文件加载：59]
[ info ] [ LANG ] C:\wamp64\www\tp5.1\thinkphp\lang\zh-cn.php
[ info ] [ ROUTE ] array (
  'rule' => '',
  'route' => '@index/index/index',
  'option' => 
  array (
    'merge_rule_regex' => false,
    'complete_match' => true,
  ),
  'var' => 
  array (
  ),
)
[ info ] [ HEADER ] array (
  'host' => 'localhost',
  'connection' => 'keep-alive',
  'upgrade-insecure-requests' => '1',
  'user-agent' => 'Mozilla/5.0 (Windows NT 10.0; Win64; x64) AppleWebKit/537.36 (KHTML, like Gecko) Chrome/77.0.3865.19 Safari/537.36',
  'sec-fetch-mode' => 'navigate',
  'sec-fetch-user' => '?1',
  'accept' => 'text/html,application/xhtml+xml,application/xml;q=0.9,image/webp,image/apng,*/*;q=0.8,application/signed-exchange;v=b3',
  'sec-fetch-site' => 'none',
  'accept-encoding' => 'gzip, deflate, br',
  'accept-language' => 'zh-CN,zh;q=0.9',
  'cookie' => 'PHPSESSID=t94qpfmc2brt8v6ukj684nktk0',
)
[ info ] [ PARAM ] array (
)
